<?xml version="1.0" encoding="UTF-8"?>
<coverage generated="1746989339420" clover="3.2.0">
  <project timestamp="1746989339420" name="All files">
    <metrics statements="32" coveredstatements="27" conditionals="7" coveredconditionals="2" methods="5" coveredmethods="5" elements="44" coveredelements="34" complexity="0" loc="32" ncloc="32" packages="1" files="1" classes="1"/>
    <file name="predict.ts" path="/home/p/aitest/hdrd/lib/predict.ts">
      <metrics statements="32" coveredstatements="27" conditionals="7" coveredconditionals="2" methods="5" coveredmethods="5"/>
      <line num="1" count="1" type="stmt"/>
      <line num="2" count="1" type="stmt"/>
      <line num="3" count="1" type="stmt"/>
      <line num="15" count="3" type="stmt"/>
      <line num="16" count="3" type="stmt"/>
      <line num="17" count="3" type="cond" truecount="0" falsecount="1"/>
      <line num="18" count="0" type="stmt"/>
      <line num="20" count="3" type="stmt"/>
      <line num="21" count="3" type="stmt"/>
      <line num="23" count="3" type="cond" truecount="0" falsecount="1"/>
      <line num="24" count="0" type="stmt"/>
      <line num="26" count="3" type="cond" truecount="0" falsecount="1"/>
      <line num="27" count="0" type="stmt"/>
      <line num="30" count="3" type="stmt"/>
      <line num="37" count="3" type="stmt"/>
      <line num="38" count="3" type="stmt"/>
      <line num="40" count="3" type="stmt"/>
      <line num="41" count="3" type="stmt"/>
      <line num="43" count="3" type="stmt"/>
      <line num="44" count="1" type="stmt"/>
      <line num="47" count="3" type="stmt"/>
      <line num="48" count="2" type="stmt"/>
      <line num="51" count="3" type="stmt"/>
      <line num="52" count="3" type="stmt"/>
      <line num="53" count="3" type="cond" truecount="2" falsecount="0"/>
      <line num="54" count="1" type="stmt"/>
      <line num="56" count="2" type="stmt"/>
      <line num="61" count="1" type="cond" truecount="0" falsecount="1"/>
      <line num="62" count="0" type="stmt"/>
      <line num="65" count="1" type="cond" truecount="0" falsecount="1"/>
      <line num="66" count="0" type="stmt"/>
      <line num="69" count="1" type="stmt"/>
    </file>
  </project>
</coverage>
