{"/home/p/aitest/hdrd/lib/predict.ts": {"path":"/home/p/aitest/hdrd/lib/predict.ts","statementMap":{"0":{"start":{"line":15,"column":22},"end":{"line":15,"column":36}},"1":{"start":{"line":1,"column":22},"end":{"line":1,"column":null}},"2":{"start":{"line":2,"column":17},"end":{"line":2,"column":null}},"3":{"start":{"line":3,"column":15},"end":{"line":3,"column":null}},"4":{"start":{"line":16,"column":21},"end":{"line":16,"column":null}},"5":{"start":{"line":17,"column":2},"end":{"line":19,"column":null}},"6":{"start":{"line":18,"column":4},"end":{"line":18,"column":null}},"7":{"start":{"line":20,"column":20},"end":{"line":20,"column":null}},"8":{"start":{"line":21,"column":21},"end":{"line":21,"column":null}},"9":{"start":{"line":23,"column":2},"end":{"line":25,"column":null}},"10":{"start":{"line":24,"column":4},"end":{"line":24,"column":null}},"11":{"start":{"line":26,"column":2},"end":{"line":28,"column":null}},"12":{"start":{"line":27,"column":4},"end":{"line":27,"column":null}},"13":{"start":{"line":30,"column":24},"end":{"line":35,"column":null}},"14":{"start":{"line":37,"column":2},"end":{"line":37,"column":null}},"15":{"start":{"line":38,"column":2},"end":{"line":38,"column":null}},"16":{"start":{"line":40,"column":15},"end":{"line":40,"column":null}},"17":{"start":{"line":41,"column":14},"end":{"line":41,"column":null}},"18":{"start":{"line":43,"column":2},"end":{"line":45,"column":null}},"19":{"start":{"line":44,"column":4},"end":{"line":44,"column":null}},"20":{"start":{"line":47,"column":2},"end":{"line":49,"column":null}},"21":{"start":{"line":48,"column":4},"end":{"line":48,"column":null}},"22":{"start":{"line":51,"column":2},"end":{"line":59,"column":null}},"23":{"start":{"line":52,"column":4},"end":{"line":58,"column":null}},"24":{"start":{"line":53,"column":6},"end":{"line":57,"column":null}},"25":{"start":{"line":54,"column":8},"end":{"line":54,"column":null}},"26":{"start":{"line":56,"column":8},"end":{"line":56,"column":null}},"27":{"start":{"line":61,"column":2},"end":{"line":63,"column":null}},"28":{"start":{"line":62,"column":4},"end":{"line":62,"column":null}},"29":{"start":{"line":65,"column":2},"end":{"line":67,"column":null}},"30":{"start":{"line":66,"column":4},"end":{"line":66,"column":null}},"31":{"start":{"line":69,"column":2},"end":{"line":69,"column":null}}},"fnMap":{"0":{"name":"runPrediction","decl":{"start":{"line":15,"column":22},"end":{"line":15,"column":36}},"loc":{"start":{"line":15,"column":58},"end":{"line":70,"column":null}}},"1":{"name":"(anonymous_3)","decl":{"start":{"line":43,"column":34},"end":{"line":43,"column":35}},"loc":{"start":{"line":43,"column":35},"end":{"line":45,"column":null}}},"2":{"name":"(anonymous_4)","decl":{"start":{"line":47,"column":34},"end":{"line":47,"column":35}},"loc":{"start":{"line":47,"column":35},"end":{"line":49,"column":null}}},"3":{"name":"(anonymous_5)","decl":{"start":{"line":51,"column":20},"end":{"line":51,"column":21}},"loc":{"start":{"line":51,"column":30},"end":{"line":59,"column":null}}},"4":{"name":"(anonymous_6)","decl":{"start":{"line":52,"column":30},"end":{"line":52,"column":31}},"loc":{"start":{"line":52,"column":31},"end":{"line":58,"column":null}}}},"branchMap":{"0":{"loc":{"start":{"line":17,"column":2},"end":{"line":19,"column":null}},"type":"if","locations":[{"start":{"line":17,"column":2},"end":{"line":19,"column":null}}]},"1":{"loc":{"start":{"line":23,"column":2},"end":{"line":25,"column":null}},"type":"if","locations":[{"start":{"line":23,"column":2},"end":{"line":25,"column":null}}]},"2":{"loc":{"start":{"line":26,"column":2},"end":{"line":28,"column":null}},"type":"if","locations":[{"start":{"line":26,"column":2},"end":{"line":28,"column":null}}]},"3":{"loc":{"start":{"line":53,"column":6},"end":{"line":57,"column":null}},"type":"if","locations":[{"start":{"line":53,"column":6},"end":{"line":57,"column":null}},{"start":{"line":55,"column":13},"end":{"line":57,"column":null}}]},"4":{"loc":{"start":{"line":61,"column":2},"end":{"line":63,"column":null}},"type":"if","locations":[{"start":{"line":61,"column":2},"end":{"line":63,"column":null}}]},"5":{"loc":{"start":{"line":65,"column":2},"end":{"line":67,"column":null}},"type":"if","locations":[{"start":{"line":65,"column":2},"end":{"line":67,"column":null}}]}},"s":{"0":3,"1":1,"2":1,"3":1,"4":3,"5":3,"6":0,"7":3,"8":3,"9":3,"10":0,"11":3,"12":0,"13":3,"14":3,"15":3,"16":3,"17":3,"18":3,"19":1,"20":3,"21":2,"22":3,"23":3,"24":3,"25":1,"26":2,"27":1,"28":0,"29":1,"30":0,"31":1},"f":{"0":3,"1":1,"2":2,"3":3,"4":3},"b":{"0":[0],"1":[0],"2":[0],"3":[1,2],"4":[0],"5":[0]}}
}
