TN:
SF:lib/predict.ts
FN:15,runPrediction
FN:43,(anonymous_3)
FN:47,(anonymous_4)
FN:51,(anonymous_5)
FN:52,(anonymous_6)
FNF:5
FNH:5
FNDA:3,runPrediction
FNDA:1,(anonymous_3)
FNDA:2,(anonymous_4)
FNDA:3,(anonymous_5)
FNDA:3,(anonymous_6)
DA:1,1
DA:2,1
DA:3,1
DA:15,3
DA:16,3
DA:17,3
DA:18,0
DA:20,3
DA:21,3
DA:23,3
DA:24,0
DA:26,3
DA:27,0
DA:30,3
DA:37,3
DA:38,3
DA:40,3
DA:41,3
DA:43,3
DA:44,1
DA:47,3
DA:48,2
DA:51,3
DA:52,3
DA:53,3
DA:54,1
DA:56,2
DA:61,1
DA:62,0
DA:65,1
DA:66,0
DA:69,1
LF:32
LH:27
BRDA:17,0,0,0
BRDA:23,1,0,0
BRDA:26,2,0,0
BRDA:53,3,0,1
BRDA:53,3,1,2
BRDA:61,4,0,0
BRDA:65,5,0,0
BRF:7
BRH:2
end_of_record
